proguard-project.txt
# To enable ProGuard in your project, edit project.properties
# to define the proguard.config property as described in that file.
#
# Add project specific ProGuard rules here.
# By default, the flags in this file are appended to flags specified
# in ${sdk.dir}/tools/proguard/proguard-android.txt
# You can edit the include path and order by changing the ProGuard
# include property in project.properties.
#
# For more details, see
#   http://developer.android.com/guide/developing/tools/proguard.html

# Add any project specific keep options here:

# If your project uses WebView with JS, uncomment the following
# and specify the fully qualified class name to the JavaScript interface
# class:
#-keepclassmembers class fqcn.of.javascript.interface.for.webview {
#   public *;
#}
#-libraryjars /libs/commons-codec-1.9-SNAPSHOT.jar
-dontwarn cn.jpush.**
-keep class cn.jpush.** { *; }
-dontwarn com.bdkj.library.** 
-keep class com.bdkj.library.** { *; }
-dontwarn com.lidroid.xutils.**
-keep class com.lidroid.xutils.** { *; }
-dontwarn com.sun.mail.**
-keep class javax.mail.** { *; }
-dontwarn javax.mail.**
-keep class com.sun.mail.** { *; }
-dontwarn javax.activation.**
-keep class javax.activation.** { *; }
-dontwarn com.sun.activation.registries.**
-keep class com.sun.activation.registries.** { *; }
-dontwarn  org.apache.harmony.**
-keep class  org.apache.harmony.** { *; }

-dontwarn org.other.apache.**
-keep class org.other.apache.** { *; }