proguard/seeds.txt
com.sun.mail.imap.IMAPFolder$5
com.sun.mail.imap.IMAPFolder$5: com.sun.mail.imap.IMAPFolder this$0
com.sun.mail.imap.IMAPFolder$5: boolean val$subscribe
com.sun.mail.imap.IMAPFolder$5: IMAPFolder$5(com.sun.mail.imap.IMAPFolder,boolean)
com.sun.mail.imap.IMAPFolder$5: java.lang.Object doCommand(com.sun.mail.imap.protocol.IMAPProtocol)
com.sun.mail.imap.IMAPFolder$6
com.sun.mail.imap.IMAPFolder$6: com.sun.mail.imap.IMAPFolder this$0
com.sun.mail.imap.IMAPFolder$6: int val$type
com.sun.mail.imap.IMAPFolder$6: char val$sep
com.sun.mail.imap.IMAPFolder$6: IMAPFolder$6(com.sun.mail.imap.IMAPFolder,int,char)
com.sun.mail.imap.IMAPFolder$6: java.lang.Object doCommand(com.sun.mail.imap.protocol.IMAPProtocol)
com.sun.mail.imap.IMAPFolder$7
com.sun.mail.imap.IMAPFolder$7: com.sun.mail.imap.IMAPFolder this$0
com.sun.mail.imap.IMAPFolder$7: IMAPFolder$7(com.sun.mail.imap.IMAPFolder)
com.sun.mail.imap.IMAPFolder$7: java.lang.Object doCommand(com.sun.mail.imap.protocol.IMAPProtocol)
com.sun.mail.imap.IMAPFolder$8
com.sun.mail.imap.IMAPFolder$8: com.sun.mail.imap.IMAPFolder this$0
com.sun.mail.imap.IMAPFolder$8: IMAPFolder$8(com.sun.mail.imap.IMAPFolder)
com.sun.mail.imap.IMAPFolder$8: java.lang.Object doCommand(com.sun.mail.imap.protocol.IMAPProtocol)
com.sun.mail.imap.IMAPFolder$9
com.sun.mail.imap.IMAPFolder$9: com.sun.mail.imap.IMAPFolder this$0
com.sun.mail.imap.IMAPFolder$9: javax.mail.Folder val$f
com.sun.mail.imap.IMAPFolder$9: IMAPFolder$9(com.sun.mail.imap.IMAPFolder,javax.mail.Folder)
com.sun.mail.imap.IMAPFolder$9: java.lang.Object doCommand(com.sun.mail.imap.protocol.IMAPProtocol)
com.sun.mail.imap.IMAPFolder$FetchProfileItem
com.sun.mail.imap.IMAPFolder$FetchProfileItem: com.sun.mail.imap.IMAPFolder$FetchProfileItem HEADERS
com.sun.mail.imap.IMAPFolder$FetchProfileItem: com.sun.mail.imap.IMAPFolder$FetchProfileItem SIZE
com.sun.mail.imap.IMAPFolder$FetchProfileItem: void <clinit>()
com.sun.mail.imap.IMAPFolder$FetchProfileItem: IMAPFolder$FetchProfileItem(java.lang.String)
com.sun.mail.imap.IMAPFolder$ProtocolCommand
com.sun.mail.imap.IMAPFolder$ProtocolCommand: java.lang.Object doCommand(com.sun.mail.imap.protocol.IMAPProtocol)
com.sun.mail.imap.IMAPInputStream
com.sun.mail.imap.IMAPInputStream: com.sun.mail.imap.IMAPMessage msg
com.sun.mail.imap.IMAPInputStream: java.lang.String section
com.sun.mail.imap.IMAPInputStream: int pos
com.sun.mail.imap.IMAPInputStream: int blksize
com.sun.mail.imap.IMAPInputStream: int max
com.sun.mail.imap.IMAPInputStream: byte[] buf
com.sun.mail.imap.IMAPInputStream: int bufcount
com.sun.mail.imap.IMAPInputStream: int bufpos
com.sun.mail.imap.IMAPInputStream: boolean peek
com.sun.mail.imap.IMAPInputStream: com.sun.mail.iap.ByteArray readbuf
com.sun.mail.imap.IMAPInputStream: int slop
com.sun.mail.imap.IMAPInputStream: IMAPInputStream(com.sun.mail.imap.IMAPMessage,java.lang.String,int,boolean)
com.sun.mail.imap.IMAPInputStream: void forceCheckExpunged()
com.sun.mail.imap.IMAPInputStream: void fill()
com.sun.mail.imap.IMAPInputStream: int read()
com.sun.mail.imap.IMAPInputStream: int read(byte[],int,int)
com.sun.mail.imap.IMAPInputStream: int read(byte[])
com.sun.mail.imap.IMAPInputStream: int available()
com.sun.mail.imap.IMAPInputStream: void checkSeen()