proguard/mapping.txt
cn.jpush.android.ui.k -> cn.jpush.android.ui.k:
    cn.jpush.android.ui.PushActivity a -> a
    void handleMessage(android.os.Message) -> handleMessage
cn.jpush.android.util.JLogger -> cn.jpush.android.util.JLogger:
    java.text.SimpleDateFormat a -> a
    cn.jpush.android.util.r b -> b
    java.lang.String z -> z
    void v(java.lang.String,java.lang.String) -> v
    void d(java.lang.String,java.lang.String) -> d
    void i(java.lang.String,java.lang.String) -> i
    void w(java.lang.String,java.lang.String) -> w
    void e(java.lang.String,java.lang.String) -> e
    void a(int,java.lang.String,java.lang.String) -> a
    void parseModalJson(java.lang.String,android.content.Context) -> parseModalJson
    void reportByHeartbeats() -> reportByHeartbeats
cn.jpush.android.util.JRecorder -> cn.jpush.android.util.JRecorder:
    java.util.concurrent.ExecutorService a -> a
    java.util.ArrayList b -> b
    android.content.Context c -> c
    android.os.Handler d -> d
    java.util.ArrayList e -> e
    boolean f -> f
    java.lang.String[] z -> z
    cn.jpush.android.util.JRecorder getIncreamentsRecorder(android.content.Context) -> getIncreamentsRecorder
    cn.jpush.android.util.JRecorder getSuperpositionRecorder(android.content.Context) -> getSuperpositionRecorder
    void record(int) -> record
    void parseRecordCommand(java.lang.String) -> parseRecordCommand
    org.json.JSONObject a(java.util.ArrayList) -> a
    void b() -> b
    void a(cn.jpush.android.util.JRecorder,double) -> a
    boolean a(boolean) -> a
    android.content.Context a() -> a
    void a(android.content.Context) -> a
cn.jpush.android.util.JavascriptCallback -> cn.jpush.android.util.JavascriptCallback:
cn.jpush.android.util.a -> cn.jpush.android.util.a:
    java.util.List b -> b
    javax.security.auth.x500.X500Principal c -> c
    java.lang.String d -> d
    java.lang.String e -> e
    java.lang.String f -> f
    int a -> a
    java.util.ArrayList g -> g
    java.util.ArrayList h -> h
    java.util.ArrayList i -> i
    cn.jpush.android.service.PushReceiver j -> j
    java.lang.String[] z -> z
    java.lang.String a(android.content.Context,java.lang.String) -> a
    java.lang.String a(android.content.Context) -> a
    java.lang.String b(android.content.Context,java.lang.String) -> b
    boolean c(android.content.Context,java.lang.String) -> c
    boolean k(android.content.Context,java.lang.String) -> k
    boolean d(android.content.Context,java.lang.String) -> d
    boolean l(android.content.Context,java.lang.String) -> l
    boolean m(android.content.Context,java.lang.String) -> m
    boolean a(android.content.Context,java.lang.String,boolean) -> a
    boolean d(android.content.Context,java.lang.String,java.lang.String) -> d
    boolean b(android.content.Context,java.lang.String,boolean) -> b
    void e(android.content.Context,java.lang.String) -> e
    void a(android.content.Context,java.lang.String,java.lang.String,int) -> a
    boolean b(android.content.Context) -> b
    short c(android.content.Context) -> c
    boolean a() -> a
    boolean f(android.content.Context,java.lang.String) -> f
    int a(android.content.Context,float) -> a
cn.jpush.android.util.aa -> cn.jpush.android.util.aa:
    java.lang.String z -> z
    java.lang.String a(byte[],int,int) -> a
    int b(byte[],int,int) -> b
    long c(byte[],int,int) -> c
    java.lang.String d(byte[],int,int) -> d
    byte[] e(byte[],int,int) -> e
    byte[] a(byte[],java.lang.String,int) -> a
    java.lang.String a(byte[]) -> a
    byte[] a(int,int) -> a
    byte[] a(int) -> a
    long b(byte[]) -> b
    byte[] b(int) -> b
cn.jpush.android.util.ab -> cn.jpush.android.util.ab:
    java.lang.String z -> z
    void c(java.lang.String,java.lang.String) -> c
    java.lang.String a(java.lang.String) -> a